SF:lib\formulario.dart
DA:5,3
DA:7,2
DA:9,2
DA:19,1
DA:20,3
DA:21,2
DA:22,2
DA:23,2
DA:24,2
DA:26,4
DA:27,1
DA:28,1
DA:32,2
DA:34,2
DA:35,2
DA:36,2
DA:38,2
DA:39,2
DA:40,4
DA:41,2
DA:43,2
DA:44,1
DA:45,1
DA:51,2
DA:53,2
DA:54,1
DA:55,1
DA:61,2
DA:63,2
DA:64,1
DA:65,1
DA:68,1
DA:75,2
DA:77,2
DA:79,2
DA:80,2
DA:81,2
DA:83,1
DA:84,1
DA:91,2
DA:92,2
LF:41
LH:41
end_of_record
SF:lib\login.dart
DA:5,1
DA:7,1
DA:9,1
DA:16,1
DA:17,2
DA:18,2
DA:20,2
DA:21,1
DA:22,3
DA:23,2
DA:24,2
DA:25,1
DA:27,3
DA:32,1
DA:34,1
DA:35,1
DA:36,1
DA:38,2
DA:39,1
DA:41,1
DA:43,1
DA:46,1
DA:48,1
DA:50,1
DA:53,1
DA:54,1
LF:26
LH:26
end_of_record
